src/App/components/Encyclopedia/EncyclopediaDialog.vue(111,54): error TS2339: Property 'length' does not exist on type 'Set<TypeObject>'.
src/App/components/Encyclopedia/EncyclopediaDialog.vue(112,43): error TS2339: Property 'length' does not exist on type 'Set<TypeObject>'.
src/App/components/Encyclopedia/EncyclopediaDialog.vue(113,40): error TS2339: Property 'length' does not exist on type 'Set<TypeObject>'.
src/App/components/Encyclopedia/EncyclopediaDialog.vue(119,52): error TS2339: Property 'length' does not exist on type 'Set<TypeObject>'.
src/App/components/Encyclopedia/encyclopediaStore.ts(201,7): error TS2740: Type 'TypeObject[]' is missing the following properties from type 'Set<TypeObject>': add, clear, delete, has, and 2 more.
src/App/components/GameView/TileDetails.vue(37,90): error TS2339: Property 'value' does not exist on type 'TypeObject'.
src/App/components/PlayerDetails/Tabs/DiplomacyTab.vue(112,31): error TS2740: Type 'Set<{ objType: "TypeObject"; class: TypeClass; key: `actionType:${string}` | `buildingType:${string}` | `climateType:${string}` | `conceptType:${string}` | `continentType:${string}` | `dogmaType:${string}` | `domainType:${string}` | `elevationType:${string}` | `equipmentType:${string}` | `eraType:${string}` | `event...' is missing the following properties from type '(string | PohObject | GameObject)[]': length, pop, push, concat, and 30 more.
src/App/components/PlayerDetails/Tabs/DiplomacyTab.vue(114,55): error TS2339: Property 'length' does not exist on type 'Set<{ objType: "TypeObject"; class: TypeClass; key: `actionType:${string}` | `buildingType:${string}` | `climateType:${string}` | `conceptType:${string}` | `continentType:${string}` | `dogmaType:${string}` | `domainType:${string}` | `elevationType:${string}` | `equipmentType:${string}` | `eraType:${string}` | `event...'.
src/App/components/PlayerDetails/Tabs/DiplomacyTab.vue(122,31): error TS2740: Type 'Set<{ objType: "TypeObject"; class: TypeClass; key: `actionType:${string}` | `buildingType:${string}` | `climateType:${string}` | `conceptType:${string}` | `continentType:${string}` | `dogmaType:${string}` | `domainType:${string}` | `elevationType:${string}` | `equipmentType:${string}` | `eraType:${string}` | `event...' is missing the following properties from type '(string | PohObject | GameObject)[]': length, pop, push, concat, and 30 more.
src/App/components/PlayerDetails/Tabs/DiplomacyTab.vue(124,52): error TS2339: Property 'length' does not exist on type 'Set<{ objType: "TypeObject"; class: TypeClass; key: `actionType:${string}` | `buildingType:${string}` | `climateType:${string}` | `conceptType:${string}` | `continentType:${string}` | `dogmaType:${string}` | `domainType:${string}` | `elevationType:${string}` | `equipmentType:${string}` | `eraType:${string}` | `event...'.
src/App/components/PlayerDetails/Tabs/ReligionTabPyramid.vue(22,43): error TS2339: Property 'some' does not exist on type 'Set<TypeObject>'.
src/App/components/PlayerDetails/Tabs/ReligionTabPyramid.vue(48,10): error TS2740: Type 'TypeObject[]' is missing the following properties from type 'Set<TypeObject>': add, clear, delete, has, and 2 more.
src/App/components/PlayerDetails/Tabs/ResearchTab.vue(23,26): error TS2339: Property 'filter' does not exist on type 'Set<{ objType: "TypeObject"; class: TypeClass; key: `actionType:${string}` | `buildingType:${string}` | `climateType:${string}` | `conceptType:${string}` | `continentType:${string}` | `dogmaType:${string}` | `domainType:${string}` | `elevationType:${string}` | `equipmentType:${string}` | `eraType:${string}` | `event...'.
src/App/components/PlayerDetails/Tabs/ResearchTab.vue(85,42): error TS2345: Argument of type '{ objType: "TypeObject"; class: TypeClass; key: `actionType:${string}` | `buildingType:${string}` | `climateType:${string}` | `conceptType:${string}` | `continentType:${string}` | `dogmaType:${string}` | `domainType:${string}` | `elevationType:${string}` | `equipmentType:${string}` | `eraType:${string}` | `eventType...' is not assignable to parameter of type 'TypeObject'.
src/App/components/PlayerDetails/Tabs/ResearchTab.vue(94,52): error TS2345: Argument of type '{ objType: "TypeObject"; class: TypeClass; key: `actionType:${string}` | `buildingType:${string}` | `climateType:${string}` | `conceptType:${string}` | `continentType:${string}` | `dogmaType:${string}` | `domainType:${string}` | `elevationType:${string}` | `equipmentType:${string}` | `eraType:${string}` | `eventType...' is not assignable to parameter of type 'TypeObject'.
src/App/components/PlayerDetails/Tabs/ResearchTab.vue(95,43): error TS2339: Property 'has' does not exist on type 'TypeObject[]'.
src/App/components/PlayerDetails/Tabs/researchTabStore.ts(12,38): error TS2345: Argument of type 'never[]' is not assignable to parameter of type 'Set<TypeObject>'.
  Type 'never[]' is missing the following properties from type 'Set<TypeObject>': add, clear, delete, has, and 2 more.
src/App/components/PlayerDetails/Tabs/researchTabStore.ts(13,37): error TS2345: Argument of type 'never[]' is not assignable to parameter of type 'Set<TypeObject>'.
  Type 'never[]' is missing the following properties from type 'Set<TypeObject>': add, clear, delete, has, and 2 more.
src/App/components/PlayerDetails/Tabs/researchTabStore.ts(18,55): error TS2339: Property 'map' does not exist on type 'Set<{ objType: "TypeObject"; class: TypeClass; key: `actionType:${string}` | `buildingType:${string}` | `climateType:${string}` | `conceptType:${string}` | `continentType:${string}` | `dogmaType:${string}` | `domainType:${string}` | `elevationType:${string}` | `equipmentType:${string}` | `eraType:${string}` | `event...'.
src/App/components/PlayerDetails/Tabs/researchTabStore.ts(19,55): error TS2339: Property 'map' does not exist on type 'Set<{ objType: "TypeObject"; class: TypeClass; key: `actionType:${string}` | `buildingType:${string}` | `climateType:${string}` | `conceptType:${string}` | `continentType:${string}` | `dogmaType:${string}` | `domainType:${string}` | `elevationType:${string}` | `equipmentType:${string}` | `eraType:${string}` | `event...'.
src/App/components/PlayerDetails/Tabs/researchTabStore.ts(23,5): error TS2322: Type 'TypeObject[]' is not assignable to type 'Set<TypeObject> | (Set<{ objType: "TypeObject"; class: TypeClass; key: `actionType:${string}` | `buildingType:${string}` | `climateType:${string}` | `conceptType:${string}` | `continentType:${string}` | `dogmaType:${string}` | `domainType:${string}` | `elevationType:${string}` | ... 27 more ... | `yieldType:${string...'.
  Type 'TypeObject[]' is not assignable to type 'Set<{ objType: "TypeObject"; class: TypeClass; key: `actionType:${string}` | `buildingType:${string}` | `climateType:${string}` | `conceptType:${string}` | `continentType:${string}` | `dogmaType:${string}` | `domainType:${string}` | `elevationType:${string}` | `equipmentType:${string}` | `eraType:${string}` | `event...'.
    Type 'TypeObject[]' is missing the following properties from type 'Set<{ objType: "TypeObject"; class: TypeClass; key: `actionType:${string}` | `buildingType:${string}` | `climateType:${string}` | `conceptType:${string}` | `continentType:${string}` | `dogmaType:${string}` | `domainType:${string}` | `elevationType:${string}` | `equipmentType:${string}` | `eraType:${string}` | `event...': add, clear, delete, has, and 2 more.
src/App/components/PlayerDetails/Tabs/researchTabStore.ts(24,5): error TS2322: Type 'TypeObject[]' is not assignable to type 'Set<TypeObject> | (Set<{ objType: "TypeObject"; class: TypeClass; key: `actionType:${string}` | `buildingType:${string}` | `climateType:${string}` | `conceptType:${string}` | `continentType:${string}` | `dogmaType:${string}` | `domainType:${string}` | `elevationType:${string}` | ... 27 more ... | `yieldType:${string...'.
  Type 'TypeObject[]' is not assignable to type 'Set<{ objType: "TypeObject"; class: TypeClass; key: `actionType:${string}` | `buildingType:${string}` | `climateType:${string}` | `conceptType:${string}` | `continentType:${string}` | `dogmaType:${string}` | `domainType:${string}` | `elevationType:${string}` | `equipmentType:${string}` | `eraType:${string}` | `event...'.
    Type 'TypeObject[]' is missing the following properties from type 'Set<{ objType: "TypeObject"; class: TypeClass; key: `actionType:${string}` | `buildingType:${string}` | `climateType:${string}` | `conceptType:${string}` | `continentType:${string}` | `dogmaType:${string}` | `domainType:${string}` | `elevationType:${string}` | `equipmentType:${string}` | `eraType:${string}` | `event...': add, clear, delete, has, and 2 more.
src/App/components/Ui/UiObjectCards.vue(19,5): error TS2322: Type '() => never[]' is not assignable to type 'InferDefault<LooseRequired<__VLS_Props>, Set<TypeObject> | undefined>'.
  Type 'never[]' is missing the following properties from type 'Set<TypeObject>': add, clear, delete, has, and 2 more.
src/App/components/Ui/UiObjectCards.vue(20,5): error TS2322: Type '() => never[]' is not assignable to type 'InferDefault<LooseRequired<__VLS_Props>, Set<TypeObject> | undefined>'.
  Type 'never[]' is missing the following properties from type 'Set<TypeObject>': add, clear, delete, has, and 2 more.
src/Common/Helpers/Rng.ts(45,25): error TS2339: Property 'state' does not exist on type 'PRNG'.
src/Common/Helpers/Rng.ts(50,37): error TS2322: Type 'object' is not assignable to type 'boolean | Arc4 | undefined'.
src/Common/IEvent.ts(6,14): error TS2314: Generic type 'IMutation<PayloadT>' requires 1 type argument(s).
src/Common/Models/City.ts(152,14): error TS2339: Property 'freeCitizenSlotCount' does not exist on type 'Tile'.
src/Common/Models/City.ts(189,21): error TS2345: Argument of type 'Set<TypeObject> | null[]' is not assignable to parameter of type 'readonly null[]'.
  Type 'Set<TypeObject>' is missing the following properties from type 'readonly null[]': length, concat, join, slice, and 21 more.
src/Common/Models/Construction.ts(49,3): error TS2300: Duplicate identifier 'completedAtTurn'.
src/Common/Models/Construction.ts(149,41): error TS2339: Property 'pickTile' does not exist on type 'Citizen'.
src/Common/Models/Construction.ts(167,28): error TS2551: Property '_gameObjects' does not exist on type 'DataBucket'. Did you mean 'getObjects'?
src/Common/Models/Culture.ts(80,17): error TS7053: Element implicitly has an 'any' type because expression of type '0' can't be used to index type 'Set<ObjKey>'.
src/Common/Models/Culture.ts(190,30): error TS2339: Property 'complete' does not exist on type 'Research'.
src/Common/Models/Government.ts(102,25): error TS2551: Property 'knownTypes' does not exist on type 'Player'. Did you mean 'knownTiles'?
src/Common/Models/Government.ts(102,44): error TS7006: Parameter 't' implicitly has an 'any' type.
src/Common/Models/Government.ts(110,27): error TS2339: Property 'some' does not exist on type 'Set<TypeObject>'.
src/Common/Models/Government.ts(110,33): error TS7006: Parameter 'p' implicitly has an 'any' type.
src/Common/Models/Government.ts(118,28): error TS2339: Property 'some' does not exist on type 'Set<TypeObject>'.
src/Common/Models/Government.ts(118,34): error TS7006: Parameter 'p' implicitly has an 'any' type.
src/Common/Models/Government.ts(125,28): error TS2339: Property 'some' does not exist on type 'Set<TypeObject>'.
src/Common/Models/Government.ts(125,34): error TS7006: Parameter 'p' implicitly has an 'any' type.
src/Common/Models/Government.ts(132,28): error TS2339: Property 'some' does not exist on type 'Set<TypeObject>'.
src/Common/Models/Government.ts(132,34): error TS7006: Parameter 'p' implicitly has an 'any' type.
src/Common/Models/Government.ts(139,28): error TS2339: Property 'some' does not exist on type 'Set<TypeObject>'.
src/Common/Models/Government.ts(139,34): error TS7006: Parameter 'p' implicitly has an 'any' type.
src/Common/Models/Government.ts(146,27): error TS2339: Property 'some' does not exist on type 'Set<TypeObject>'.
src/Common/Models/Government.ts(146,33): error TS7006: Parameter 'p' implicitly has an 'any' type.
src/Common/Models/Government.ts(153,28): error TS2339: Property 'some' does not exist on type 'Set<TypeObject>'.
src/Common/Models/Government.ts(153,34): error TS7006: Parameter 'p' implicitly has an 'any' type.
src/Common/Models/Government.ts(160,27): error TS2339: Property 'some' does not exist on type 'Set<TypeObject>'.
src/Common/Models/Government.ts(160,33): error TS7006: Parameter 'p' implicitly has an 'any' type.
src/Common/Models/Government.ts(168,23): error TS2339: Property 'some' does not exist on type 'Set<TypeObject>'.
src/Common/Models/Government.ts(168,29): error TS7006: Parameter 'p' implicitly has an 'any' type.
src/Common/Models/Government.ts(191,39): error TS2339: Property 'filter' does not exist on type 'Set<TypeObject>'.
src/Common/Models/Government.ts(192,8): error TS7006: Parameter 'p' implicitly has an 'any' type.
src/Common/Models/Government.ts(192,24): error TS2339: Property 'some' does not exist on type 'Set<TypeObject>'.
src/Common/Models/Government.ts(192,30): error TS7006: Parameter 'np' implicitly has an 'any' type.
src/Common/Models/Research.ts(120,25): error TS2339: Property 'get' does not exist on type 'TypeStorage'.
src/Common/Models/Unit.ts(225,31): error TS2367: This comparison appears to be unintentional because the types 'ActionType | undefined' and '"heal"' have no overlap.
src/Common/Models/Unit.ts(246,10): error TS2339: Property 'unwatchers' does not exist on type 'Unit'.
src/Common/Models/Unit.ts(246,30): error TS7006: Parameter 'u' implicitly has an 'any' type.
src/Common/Models/Unit.ts(262,28): error TS2551: Property '_gameObjects' does not exist on type 'DataBucket'. Did you mean 'getObjects'?
src/Common/Models/Unit.ts(272,30): error TS2367: This comparison appears to be unintentional because the types 'ActionType | undefined' and '"heal"' have no overlap.
src/Common/Models/Unit.ts(289,10): error TS2339: Property 'playerYields' does not exist on type 'Unit'.
src/Common/Models/Unit.ts(290,10): error TS2339: Property 'tileYields' does not exist on type 'Unit'.
src/Common/Models/UnitDesign.ts(41,3): error TS2610: 'types' is defined as an accessor in class 'GameObject', but is overridden here in 'UnitDesign' as an instance property.
src/Common/Objects/Queues.ts(31,26): error TS2339: Property 'productionCost' does not exist on type 'UnitDesign'.
src/Common/Objects/Queues.ts(99,12): error TS2352: Conversion of type '{ type: `actionType:${string}` | `buildingType:${string}` | `climateType:${string}` | `conceptType:${string}` | `continentType:${string}` | `dogmaType:${string}` | `domainType:${string}` | `elevationType:${string}` | `equipmentType:${string}` | `eraType:${string}` | `eventType:${string}` | `featureType:${string}` | ...' to type 'Yield' may be a mistake because neither type sufficiently overlaps with the other. If this was intentional, convert the expression to 'unknown' first.
src/Common/Objects/Queues.ts(115,13): error TS2345: Argument of type '"yieldType:production"[]' is not assignable to parameter of type 'Set<YieldTypeKey>'.
src/Common/Objects/Queues.ts(158,7): error TS2740: Type 'never[]' is missing the following properties from type 'Set<`actionType:${string}` | `buildingType:${string}` | `climateType:${string}` | `conceptType:${string}` | `continentType:${string}` | `dogmaType:${string}` | `domainType:${string}` | `elevationType:${string}` | `equipmentType:${string}` | `eraType:${string}` | `eventType:${string}` | `featureType:${string}` | `goa...': add, clear, delete, has, and 2 more.
src/Common/Objects/Queues.ts(159,7): error TS2740: Type 'never[]' is missing the following properties from type 'Set<`actionType:${string}` | `buildingType:${string}` | `climateType:${string}` | `conceptType:${string}` | `continentType:${string}` | `dogmaType:${string}` | `domainType:${string}` | `elevationType:${string}` | `equipmentType:${string}` | `eraType:${string}` | `eventType:${string}` | `featureType:${string}` | `goa...': add, clear, delete, has, and 2 more.
src/Common/Objects/Queues.ts(186,9): error TS2740: Type 'never[]' is missing the following properties from type 'Set<`actionType:${string}` | `buildingType:${string}` | `climateType:${string}` | `conceptType:${string}` | `continentType:${string}` | `dogmaType:${string}` | `domainType:${string}` | `elevationType:${string}` | `equipmentType:${string}` | `eraType:${string}` | `eventType:${string}` | `featureType:${string}` | `goa...': add, clear, delete, has, and 2 more.
src/Common/Objects/Queues.ts(187,9): error TS2740: Type 'never[]' is missing the following properties from type 'Set<`actionType:${string}` | `buildingType:${string}` | `climateType:${string}` | `conceptType:${string}` | `continentType:${string}` | `dogmaType:${string}` | `domainType:${string}` | `elevationType:${string}` | `equipmentType:${string}` | `eraType:${string}` | `eventType:${string}` | `featureType:${string}` | `goa...': add, clear, delete, has, and 2 more.
src/Common/Objects/Queues.ts(200,9): error TS2740: Type 'never[]' is missing the following properties from type 'Set<`actionType:${string}` | `buildingType:${string}` | `climateType:${string}` | `conceptType:${string}` | `continentType:${string}` | `dogmaType:${string}` | `domainType:${string}` | `elevationType:${string}` | `equipmentType:${string}` | `eraType:${string}` | `eventType:${string}` | `featureType:${string}` | `goa...': add, clear, delete, has, and 2 more.
src/Common/Objects/Queues.ts(201,9): error TS2740: Type 'never[]' is missing the following properties from type 'Set<`actionType:${string}` | `buildingType:${string}` | `climateType:${string}` | `conceptType:${string}` | `continentType:${string}` | `dogmaType:${string}` | `domainType:${string}` | `elevationType:${string}` | `equipmentType:${string}` | `eraType:${string}` | `eventType:${string}` | `featureType:${string}` | `goa...': add, clear, delete, has, and 2 more.
src/Common/Objects/Queues.ts(214,9): error TS2740: Type 'never[]' is missing the following properties from type 'Set<`actionType:${string}` | `buildingType:${string}` | `climateType:${string}` | `conceptType:${string}` | `continentType:${string}` | `dogmaType:${string}` | `domainType:${string}` | `elevationType:${string}` | `equipmentType:${string}` | `eraType:${string}` | `eventType:${string}` | `featureType:${string}` | `goa...': add, clear, delete, has, and 2 more.
src/Common/Objects/Queues.ts(215,9): error TS2740: Type 'never[]' is missing the following properties from type 'Set<`actionType:${string}` | `buildingType:${string}` | `climateType:${string}` | `conceptType:${string}` | `continentType:${string}` | `dogmaType:${string}` | `domainType:${string}` | `elevationType:${string}` | `equipmentType:${string}` | `eraType:${string}` | `eventType:${string}` | `featureType:${string}` | `goa...': add, clear, delete, has, and 2 more.
src/Common/Objects/Queues.ts(224,7): error TS2740: Type 'never[]' is missing the following properties from type 'Set<`actionType:${string}` | `buildingType:${string}` | `climateType:${string}` | `conceptType:${string}` | `continentType:${string}` | `dogmaType:${string}` | `domainType:${string}` | `elevationType:${string}` | `equipmentType:${string}` | `eraType:${string}` | `eventType:${string}` | `featureType:${string}` | `goa...': add, clear, delete, has, and 2 more.
src/Common/Objects/Queues.ts(225,7): error TS2740: Type 'never[]' is missing the following properties from type 'Set<`actionType:${string}` | `buildingType:${string}` | `climateType:${string}` | `conceptType:${string}` | `continentType:${string}` | `dogmaType:${string}` | `domainType:${string}` | `elevationType:${string}` | `equipmentType:${string}` | `eraType:${string}` | `eventType:${string}` | `featureType:${string}` | `goa...': add, clear, delete, has, and 2 more.
src/Common/composables/useMovementInteraction.ts(39,25): error TS2339: Property 'class' does not exist on type 'Ref<{ objType: ObjType; key: `agenda:${string}` | `citizen:${string}` | `city:${string}` | `construction:${string}` | `culture:${string}` | `diplomacy:${string}` | `deal:${string}` | `government:${string}` | `incident:${string}` | `player:${string}` | `religion:${string}` | `research:${string}` | `river:${string}` |...'.
src/Common/composables/useMovementInteraction.ts(46,35): error TS2339: Property 'value' does not exist on type 'Tile'.
src/Common/composables/useSettingsDialog.ts(123,14): error TS2339: Property 'save' does not exist on type 'Store<"settings", { ready: boolean; selectedPresetId: string; engineSettings: EngineSettings; tab: "game" | "graphics"; }, {}, {}>'.
src/Common/composables/useSettingsDialog.ts(135,14): error TS2339: Property 'save' does not exist on type 'Store<"settings", { ready: boolean; selectedPresetId: string; engineSettings: EngineSettings; tab: "game" | "graphics"; }, {}, {}>'.
src/Common/events/Citizen.ts(8,3): error TS2416: Property 'subject' in type 'CitizenGained' is not assignable to the same property in base type 'PohEvent'.
src/Common/events/Citizen.ts(38,5): error TS2322: Type 'Citizen | undefined' is not assignable to type 'GameObject | undefined'.
src/Common/events/City.ts(9,5): error TS2322: Type 'City' is not assignable to type 'GameObject'.
src/Common/events/City.ts(19,5): error TS2322: Type 'City' is not assignable to type 'GameObject'.
src/Common/events/City.ts(29,5): error TS2322: Type 'City' is not assignable to type 'GameObject'.
src/Common/events/City.ts(39,5): error TS2322: Type 'City' is not assignable to type 'GameObject'.
src/Common/events/Construction.ts(14,5): error TS2322: Type 'Construction' is not assignable to type 'GameObject'.
src/Common/events/Construction.ts(37,5): error TS2322: Type 'Construction' is not assignable to type 'GameObject'.
src/Common/events/Culture.ts(7,37): error TS2551: Property 'value' does not exist on type 'CultureStatus'. Did you mean 'valueOf'?
src/Common/events/Culture.ts(10,5): error TS2322: Type 'Culture' is not assignable to type 'GameObject'.
src/Common/events/Culture.ts(18,5): error TS2322: Type 'Culture' is not assignable to type 'GameObject'.
src/Common/events/Culture.ts(27,5): error TS2322: Type 'Culture' is not assignable to type 'GameObject'.
src/Common/events/Culture.ts(36,5): error TS2322: Type 'Culture' is not assignable to type 'GameObject'.
src/Common/events/Deal.ts(6,3): error TS2416: Property 'subject' in type 'DealAccepted' is not assignable to the same property in base type 'PohEvent'.
src/Common/events/Deal.ts(18,3): error TS2416: Property 'subject' in type 'DealCancelled' is not assignable to the same property in base type 'PohEvent'.
src/Common/events/Deal.ts(30,3): error TS2416: Property 'subject' in type 'DealDeclined' is not assignable to the same property in base type 'PohEvent'.
src/Common/events/Deal.ts(42,3): error TS2416: Property 'subject' in type 'DealEnded' is not assignable to the same property in base type 'PohEvent'.
src/Common/events/Deal.ts(54,3): error TS2416: Property 'subject' in type 'DealEnding' is not assignable to the same property in base type 'PohEvent'.
src/Common/events/Deal.ts(66,3): error TS2416: Property 'subject' in type 'DealProposed' is not assignable to the same property in base type 'PohEvent'.
src/Common/events/Deal.ts(78,3): error TS2416: Property 'subject' in type 'DealRefused' is not assignable to the same property in base type 'PohEvent'.
src/Common/events/Other.ts(9,5): error TS2322: Type 'Tile' is not assignable to type 'GameObject'.
src/Common/events/Other.ts(19,5): error TS2322: Type 'Player' is not assignable to type 'GameObject'.
src/Common/events/Other.ts(26,25): error TS18047: 'tile.construction' is possibly 'null'.
src/Common/events/Other.ts(26,43): error TS2339: Property 'value' does not exist on type 'Construction'.
src/Common/events/Other.ts(28,5): error TS2322: Type 'Tile' is not assignable to type 'GameObject'.
src/Common/events/Other.ts(29,20): error TS18047: 'tile.construction' is possibly 'null'.
src/Common/events/Other.ts(29,38): error TS2339: Property 'value' does not exist on type 'Construction'.
src/Common/events/Player.ts(8,5): error TS2322: Type 'Player' is not assignable to type 'GameObject'.
src/Common/events/Player.ts(17,5): error TS2322: Type 'Player' is not assignable to type 'GameObject'.
src/Common/events/Religion.ts(9,5): error TS2322: Type 'Religion' is not assignable to type 'GameObject'.
src/Common/events/Religion.ts(18,5): error TS2322: Type 'Religion' is not assignable to type 'GameObject'.
src/Common/events/Religion.ts(27,5): error TS2322: Type 'Religion' is not assignable to type 'GameObject'.
src/Common/events/Unit.ts(10,39): error TS2551: Property 'value' does not exist on type 'string'. Did you mean 'valueOf'?
src/Common/events/Unit.ts(12,5): error TS2322: Type 'Unit' is not assignable to type 'GameObject'.
src/Common/events/Unit.ts(20,37): error TS2551: Property 'value' does not exist on type 'string'. Did you mean 'valueOf'?
src/Common/events/Unit.ts(22,5): error TS2322: Type 'Unit' is not assignable to type 'GameObject'.
src/Common/events/Unit.ts(31,37): error TS2551: Property 'value' does not exist on type 'string'. Did you mean 'valueOf'?
src/Common/events/Unit.ts(33,5): error TS2322: Type 'Unit' is not assignable to type 'GameObject'.
src/Common/events/Unit.ts(41,30): error TS2551: Property 'value' does not exist on type 'string'. Did you mean 'valueOf'?
src/Common/events/Unit.ts(43,5): error TS2322: Type 'Unit' is not assignable to type 'GameObject'.
src/Common/factories/TerraGenerator/helpers/post-processors.ts(71,44): error TS2341: Property 'rng' is private and only accessible within class 'TerraGenerator'.
src/Common/factories/TerraGenerator/helpers/post-processors.ts(74,24): error TS2341: Property 'rng' is private and only accessible within class 'TerraGenerator'.
src/Common/factories/TerraGenerator/levels/game-level.ts(28,34): error TS2341: Property 'rng' is private and only accessible within class 'TerraGenerator'.
src/Common/factories/TerraGenerator/levels/game-level.ts(30,37): error TS2341: Property 'rng' is private and only accessible within class 'TerraGenerator'.
src/Common/factories/TerraGenerator/levels/game-level.ts(59,35): error TS2341: Property 'rng' is private and only accessible within class 'TerraGenerator'.
src/Common/factories/TerraGenerator/levels/game-level.ts(91,50): error TS2341: Property 'rng' is private and only accessible within class 'TerraGenerator'.
src/Common/factories/TerraGenerator/levels/game-level.ts(92,53): error TS2341: Property 'rng' is private and only accessible within class 'TerraGenerator'.
src/Common/factories/TerraGenerator/levels/game-level.ts(98,37): error TS2341: Property 'rng' is private and only accessible within class 'TerraGenerator'.
src/Common/factories/TerraGenerator/levels/game-level.ts(105,22): error TS2341: Property 'rng' is private and only accessible within class 'TerraGenerator'.
src/Common/factories/TerraGenerator/levels/game-level.ts(117,38): error TS2341: Property 'rng' is private and only accessible within class 'TerraGenerator'.
src/Common/factories/TerraGenerator/levels/game-level.ts(125,20): error TS2341: Property 'rng' is private and only accessible within class 'TerraGenerator'.
src/Common/factories/TerraGenerator/levels/game-level.ts(131,24): error TS2341: Property 'rng' is private and only accessible within class 'TerraGenerator'.
src/Common/factories/TerraGenerator/levels/game-level.ts(147,18): error TS2341: Property 'rng' is private and only accessible within class 'TerraGenerator'.
src/Common/factories/TerraGenerator/levels/game-level.ts(253,35): error TS2341: Property 'rng' is private and only accessible within class 'TerraGenerator'.
src/Common/factories/TerraGenerator/levels/game-level.ts(265,22): error TS2341: Property 'rng' is private and only accessible within class 'TerraGenerator'.
src/Common/factories/TerraGenerator/levels/reg-level.ts(27,32): error TS2341: Property 'rng' is private and only accessible within class 'TerraGenerator'.
src/Common/factories/TerraGenerator/levels/reg-level.ts(63,84): error TS2341: Property 'rng' is private and only accessible within class 'TerraGenerator'.
src/Common/factories/TerraGenerator/levels/reg-level.ts(72,60): error TS2341: Property 'rng' is private and only accessible within class 'TerraGenerator'.
src/Common/factories/TerraGenerator/levels/reg-level.ts(73,62): error TS2341: Property 'rng' is private and only accessible within class 'TerraGenerator'.
src/Common/factories/TerraGenerator/levels/reg-level.ts(100,36): error TS2341: Property 'rng' is private and only accessible within class 'TerraGenerator'.
src/Common/factories/TerraGenerator/levels/reg-level.ts(115,37): error TS2341: Property 'rng' is private and only accessible within class 'TerraGenerator'.
src/Common/factories/TerraGenerator/levels/reg-level.ts(120,20): error TS2341: Property 'rng' is private and only accessible within class 'TerraGenerator'.
src/Common/factories/TerraGenerator/levels/reg-level.ts(130,66): error TS2341: Property 'rng' is private and only accessible within class 'TerraGenerator'.
src/Common/factories/TerraGenerator/levels/strat-level.ts(45,38): error TS2341: Property 'rng' is private and only accessible within class 'TerraGenerator'.
src/Common/factories/TerraGenerator/levels/strat-level.ts(109,37): error TS2341: Property 'rng' is private and only accessible within class 'TerraGenerator'.
src/Common/factories/TerraGenerator/levels/strat-level.ts(167,30): error TS2341: Property 'rng' is private and only accessible within class 'TerraGenerator'.
src/Common/factories/TerraGenerator/levels/strat-level.ts(186,33): error TS2341: Property 'rng' is private and only accessible within class 'TerraGenerator'.
src/Common/factories/TerraGenerator/levels/strat-level.ts(194,29): error TS2341: Property 'rng' is private and only accessible within class 'TerraGenerator'.
src/Common/factories/TerraGenerator/levels/strat-level.ts(261,52): error TS2341: Property 'rng' is private and only accessible within class 'TerraGenerator'.
src/Common/factories/TerraGenerator/levels/strat-level.ts(277,24): error TS2341: Property 'rng' is private and only accessible within class 'TerraGenerator'.
src/Common/factories/TerraGenerator/levels/strat-level.ts(295,44): error TS2341: Property 'rng' is private and only accessible within class 'TerraGenerator'.
src/Common/factories/TerraGenerator/levels/strat-level.ts(307,20): error TS2341: Property 'rng' is private and only accessible within class 'TerraGenerator'.
src/Common/factories/TerraGenerator/terra-generator.ts(64,39): error TS2663: Cannot find name 'rng'. Did you mean the instance member 'this.rng'?
src/Common/factories/worldFactory.ts(120,16): error TS2345: Argument of type 'UnitDesign' is not assignable to parameter of type 'GameObject'.
src/Common/factories/worldFactory.ts(122,40): error TS2345: Argument of type 'boolean' is not assignable to parameter of type 'string | number | undefined'.
src/Common/factories/worldFactory.ts(126,16): error TS2345: Argument of type 'GenTile' is not assignable to parameter of type 'GameObject'.
src/Common/factories/worldFactory.ts(173,20): error TS2345: Argument of type 'Culture' is not assignable to parameter of type 'GameObject'.
src/Common/factories/worldFactory.ts(182,20): error TS2345: Argument of type 'Unit' is not assignable to parameter of type 'GameObject'.
src/Simulation/ActorActions/City/CitizenPickTile.ts(4,10): error TS2305: Module '"@/Common/IMutation"' has no exported member 'createMutation'.
src/Simulation/ActorActions/City/CityStartConstruction.ts(38,45): error TS2345: Argument of type 'TypeObject[]' is not assignable to parameter of type 'Set<TypeObject>'.
  Type 'TypeObject[]' is missing the following properties from type 'Set<TypeObject>': add, clear, delete, has, and 2 more.
src/Simulation/AutomatedActions/City/CityStarve.ts(3,10): error TS2305: Module '"@/Common/IMutation"' has no exported member 'createMutation'.
src/Simulation/Combat/Combat.ts(5,10): error TS2305: Module '"@/Common/IMutation"' has no exported member 'createMutation'.
src/Simulation/Combat/Combat.ts(49,36): error TS2339: Property 'some' does not exist on type 'Set<TypeObject>'.
src/Simulation/Combat/Combat.ts(78,34): error TS2339: Property 'some' does not exist on type 'Set<TypeObject>'.
src/Simulation/Common/Construct.ts(14,41): error TS2314: Generic type 'IMutation<PayloadT>' requires 1 type argument(s).
src/Simulation/Common/Construct.ts(25,57): error TS2314: Generic type 'IMutation<PayloadT>' requires 1 type argument(s).
src/Simulation/Common/Construct.ts(41,40): error TS2314: Generic type 'IMutation<PayloadT>' requires 1 type argument(s).
src/Simulation/Common/Health.ts(36,27): error TS2314: Generic type 'IMutation<PayloadT>' requires 1 type argument(s).
src/Simulation/Movement/UnitMovement.ts(235,37): error TS2339: Property 'value' does not exist on type 'TypeObject'.
src/Simulation/UnitDesign/UnitDesignManager.ts(29,7): error TS2352: Conversion of type '{ value: TypeObject | undefined; }' to type 'TypeObject' may be a mistake because neither type sufficiently overlaps with the other. If this was intentional, convert the expression to 'unknown' first.
  Type '{ value: TypeObject | undefined; }' is missing the following properties from type 'TypeObject': objType, class, key, actions, and 12 more.
src/Simulation/UnitDesign/UnitDesignManager.ts(30,7): error TS2352: Conversion of type '{ value: TypeObject | undefined; }' to type 'TypeObject' may be a mistake because neither type sufficiently overlaps with the other. If this was intentional, convert the expression to 'unknown' first.
  Type '{ value: TypeObject | undefined; }' is missing the following properties from type 'TypeObject': objType, class, key, actions, and 12 more.
tests/Common/Helpers/collectionTools.test.ts(127,25): error TS2769: No overload matches this call.
tests/Common/Helpers/collectionTools.test.ts(138,14): error TS2532: Object is possibly 'undefined'.
tests/Common/Helpers/collectionTools.test.ts(139,14): error TS2532: Object is possibly 'undefined'.
tests/Common/Helpers/collectionTools.test.ts(140,14): error TS2532: Object is possibly 'undefined'.
tests/Common/Helpers/collectionTools.test.ts(151,14): error TS2532: Object is possibly 'undefined'.
tests/Common/Helpers/collectionTools.test.ts(152,14): error TS2532: Object is possibly 'undefined'.
tests/Common/Helpers/collectionTools.test.ts(338,40): error TS18046: 'a' is of type 'unknown'.
tests/Common/Helpers/collectionTools.test.ts(338,47): error TS18046: 'b' is of type 'unknown'.
tests/Common/Helpers/collectionTools.test.ts(406,30): error TS2769: No overload matches this call.
tests/Common/Helpers/collectionTools.test.ts(412,26): error TS2769: No overload matches this call.
tests/Common/Helpers/collectionTools.test.ts(424,35): error TS2769: No overload matches this call.
tests/Common/Helpers/collectionTools.test.ts(489,52): error TS18046: 'val' is of type 'unknown'.
tests/Common/Helpers/collectionTools.test.ts(495,58): error TS18046: 'val' is of type 'unknown'.
tests/Common/Helpers/mapTools.test.ts(308,63): error TS2345: Argument of type 'Set<string>' is not assignable to parameter of type 'Set<`agenda:${string}` | `citizen:${string}` | `city:${string}` | `construction:${string}` | `culture:${string}` | `diplomacy:${string}` | `deal:${string}` | `government:${string}` | `incident:${string}` | `player:${string}` | `religion:${string}` | `research:${string}` | `river:${string}` | `tile:${string}` | `trad...'.
tests/Data/DataBucket.test.ts(57,24): error TS2339: Property 'types' does not exist on type 'TypeObject'.
tests/Data/DataBucket.test.ts(58,24): error TS2339: Property 'types' does not exist on type 'TypeObject'.
tests/Data/DataBucket.test.ts(59,24): error TS2551: Property 'categories' does not exist on type 'TypeObject'. Did you mean 'category'?
tests/_legacy_reference_only/Common/Models/Agenda.test.ts(50,31): error TS2345: Argument of type 'Agenda' is not assignable to parameter of type 'GameObject'.
tests/_legacy_reference_only/Common/Models/Citizen.test.ts(121,31): error TS2345: Argument of type 'Citizen' is not assignable to parameter of type 'GameObject'.
tests/_legacy_reference_only/Common/Models/Citizen.test.ts(132,31): error TS2345: Argument of type 'Citizen' is not assignable to parameter of type 'GameObject'.
tests/_legacy_reference_only/Common/Models/Citizen.test.ts(143,31): error TS2345: Argument of type 'Citizen' is not assignable to parameter of type 'GameObject'.
tests/_legacy_reference_only/Common/Models/Citizen.test.ts(154,31): error TS2345: Argument of type 'Citizen' is not assignable to parameter of type 'GameObject'.
tests/_legacy_reference_only/Common/Models/City.test.ts(82,31): error TS2345: Argument of type 'City' is not assignable to parameter of type 'GameObject'.
tests/_legacy_reference_only/Common/Models/City.test.ts(87,31): error TS2345: Argument of type 'City' is not assignable to parameter of type 'GameObject'.
tests/_legacy_reference_only/Common/Models/City.test.ts(101,31): error TS2345: Argument of type 'City' is not assignable to parameter of type 'GameObject'.
tests/_legacy_reference_only/Common/Models/Construction.test.ts(95,31): error TS2345: Argument of type 'Construction' is not assignable to parameter of type 'GameObject'.
tests/_legacy_reference_only/Common/Models/Construction.test.ts(105,31): error TS2345: Argument of type 'Construction' is not assignable to parameter of type 'GameObject'.
tests/_legacy_reference_only/Common/Models/Culture.test.ts(72,31): error TS2345: Argument of type 'Culture' is not assignable to parameter of type 'GameObject'.
tests/_legacy_reference_only/Common/Models/Player.test.ts(94,34): error TS2554: Expected 5-13 arguments, but got 3.
tests/_legacy_reference_only/Common/Models/Player.test.ts(95,31): error TS2345: Argument of type 'Player' is not assignable to parameter of type 'GameObject'.
tests/_legacy_reference_only/Common/Models/Player.test.ts(102,7): error TS2345: Argument of type '"Test"' is not assignable to parameter of type '`agenda:${string}` | `citizen:${string}` | `city:${string}` | `construction:${string}` | `culture:${string}` | `diplomacy:${string}` | `deal:${string}` | `government:${string}` | `incident:${string}` | `player:${string}` | `religion:${string}` | `research:${string}` | `river:${string}` | `tile:${string}` | `tradeRou...'.
tests/_legacy_reference_only/Common/Models/Player.test.ts(107,31): error TS2345: Argument of type 'Player' is not assignable to parameter of type 'GameObject'.
tests/_legacy_reference_only/Common/Models/Religion.test.ts(68,12): error TS7053: Element implicitly has an 'any' type because expression of type '0' can't be used to index type 'Set<TypeObject>'.
  Property '0' does not exist on type 'Set<TypeObject>'.
tests/_legacy_reference_only/Common/Models/Religion.test.ts(79,12): error TS7053: Element implicitly has an 'any' type because expression of type '0' can't be used to index type 'Set<TypeObject>'.
  Property '0' does not exist on type 'Set<TypeObject>'.
tests/_legacy_reference_only/Common/Models/Religion.test.ts(80,12): error TS7053: Element implicitly has an 'any' type because expression of type '0' can't be used to index type 'Set<TypeObject>'.
  Property '0' does not exist on type 'Set<TypeObject>'.
tests/_legacy_reference_only/Common/Models/Religion.test.ts(102,31): error TS2345: Argument of type 'Religion' is not assignable to parameter of type 'GameObject'.
tests/_legacy_reference_only/Common/Models/River.test.ts(49,31): error TS2345: Argument of type 'River' is not assignable to parameter of type 'GameObject'.
tests/_legacy_reference_only/Common/Models/Tile.test.ts(92,7): error TS2345: Argument of type 'string' is not assignable to parameter of type 'TypeObject'.
tests/_legacy_reference_only/Common/Models/Tile.test.ts(94,31): error TS2345: Argument of type 'Tile' is not assignable to parameter of type 'GameObject'.
tests/_legacy_reference_only/Common/Models/TradeRoute.test.ts(142,31): error TS2345: Argument of type 'TradeRoute' is not assignable to parameter of type 'GameObject'.
tests/_legacy_reference_only/Common/Models/TradeRoute.test.ts(153,31): error TS2345: Argument of type 'TradeRoute' is not assignable to parameter of type 'GameObject'.
tests/_legacy_reference_only/Common/Models/TradeRoute.test.ts(164,31): error TS2345: Argument of type 'TradeRoute' is not assignable to parameter of type 'GameObject'.
tests/_legacy_reference_only/Common/Models/TradeRoute.test.ts(175,31): error TS2345: Argument of type 'TradeRoute' is not assignable to parameter of type 'GameObject'.
tests/_legacy_reference_only/Common/Models/Unit.test.ts(83,26): error TS2339: Property 'key' does not exist on type '{ type: ActionType; target: `agenda:${string}` | `citizen:${string}` | `city:${string}` | `construction:${string}` | `culture:${string}` | `diplomacy:${string}` | `deal:${string}` | `government:${string}` | `incident:${string}` | `player:${string}` | `religion:${string}` | `research:${string}` | `river:${string}` | ...'.
tests/_legacy_reference_only/Common/Models/Unit.test.ts(100,31): error TS2345: Argument of type 'Unit' is not assignable to parameter of type 'GameObject'.
tests/_legacy_reference_only/Common/Models/Unit.test.ts(105,31): error TS2345: Argument of type 'Unit' is not assignable to parameter of type 'GameObject'.
tests/_legacy_reference_only/Common/Models/Unit.test.ts(110,31): error TS2345: Argument of type 'Unit' is not assignable to parameter of type 'GameObject'.
tests/_legacy_reference_only/Common/Models/Unit.test.ts(115,31): error TS2345: Argument of type 'Unit' is not assignable to parameter of type 'GameObject'.
tests/_legacy_reference_only/Common/Models/UnitDesign.test.ts(72,31): error TS2345: Argument of type 'UnitDesign' is not assignable to parameter of type 'GameObject'.
tests/_legacy_reference_only/Common/Objects/Yields.test.ts(340,7): error TS2740: Type 'never[]' is missing the following properties from type 'Set<`actionType:${string}` | `buildingType:${string}` | `climateType:${string}` | `conceptType:${string}` | `continentType:${string}` | `dogmaType:${string}` | `domainType:${string}` | `elevationType:${string}` | `equipmentType:${string}` | `eraType:${string}` | `eventType:${string}` | `featureType:${string}` | `goa...': add, clear, delete, has, and 2 more.
tests/_legacy_reference_only/Common/Objects/Yields.test.ts(341,7): error TS2740: Type 'never[]' is missing the following properties from type 'Set<`actionType:${string}` | `buildingType:${string}` | `climateType:${string}` | `conceptType:${string}` | `continentType:${string}` | `dogmaType:${string}` | `domainType:${string}` | `elevationType:${string}` | `equipmentType:${string}` | `eraType:${string}` | `eventType:${string}` | `featureType:${string}` | `goa...': add, clear, delete, has, and 2 more.
tests/_legacy_reference_only/Common/Objects/Yields.test.ts(355,61): error TS2740: Type 'never[]' is missing the following properties from type 'Set<`actionType:${string}` | `buildingType:${string}` | `climateType:${string}` | `conceptType:${string}` | `continentType:${string}` | `dogmaType:${string}` | `domainType:${string}` | `elevationType:${string}` | `equipmentType:${string}` | `eraType:${string}` | `eventType:${string}` | `featureType:${string}` | `goa...': add, clear, delete, has, and 2 more.
tests/_legacy_reference_only/Common/Objects/Yields.test.ts(355,70): error TS2740: Type 'never[]' is missing the following properties from type 'Set<`actionType:${string}` | `buildingType:${string}` | `climateType:${string}` | `conceptType:${string}` | `continentType:${string}` | `dogmaType:${string}` | `domainType:${string}` | `elevationType:${string}` | `equipmentType:${string}` | `eraType:${string}` | `eventType:${string}` | `featureType:${string}` | `goa...': add, clear, delete, has, and 2 more.
tests/_legacy_reference_only/Common/Objects/Yields.test.ts(356,60): error TS2740: Type 'never[]' is missing the following properties from type 'Set<`actionType:${string}` | `buildingType:${string}` | `climateType:${string}` | `conceptType:${string}` | `continentType:${string}` | `dogmaType:${string}` | `domainType:${string}` | `elevationType:${string}` | `equipmentType:${string}` | `eraType:${string}` | `eventType:${string}` | `featureType:${string}` | `goa...': add, clear, delete, has, and 2 more.
tests/_legacy_reference_only/Common/Objects/Yields.test.ts(356,69): error TS2740: Type 'never[]' is missing the following properties from type 'Set<`actionType:${string}` | `buildingType:${string}` | `climateType:${string}` | `conceptType:${string}` | `continentType:${string}` | `dogmaType:${string}` | `domainType:${string}` | `elevationType:${string}` | `equipmentType:${string}` | `eraType:${string}` | `eventType:${string}` | `featureType:${string}` | `goa...': add, clear, delete, has, and 2 more.
tests/_legacy_reference_only/Common/Objects/Yields.test.ts(357,64): error TS2740: Type 'never[]' is missing the following properties from type 'Set<`actionType:${string}` | `buildingType:${string}` | `climateType:${string}` | `conceptType:${string}` | `continentType:${string}` | `dogmaType:${string}` | `domainType:${string}` | `elevationType:${string}` | `equipmentType:${string}` | `eraType:${string}` | `eventType:${string}` | `featureType:${string}` | `goa...': add, clear, delete, has, and 2 more.
tests/_legacy_reference_only/Common/Objects/Yields.test.ts(357,73): error TS2740: Type 'never[]' is missing the following properties from type 'Set<`actionType:${string}` | `buildingType:${string}` | `climateType:${string}` | `conceptType:${string}` | `continentType:${string}` | `dogmaType:${string}` | `domainType:${string}` | `elevationType:${string}` | `equipmentType:${string}` | `eraType:${string}` | `eventType:${string}` | `featureType:${string}` | `goa...': add, clear, delete, has, and 2 more.
tests/_legacy_reference_only/Common/Objects/Yields.test.ts(358,64): error TS2740: Type 'never[]' is missing the following properties from type 'Set<`actionType:${string}` | `buildingType:${string}` | `climateType:${string}` | `conceptType:${string}` | `continentType:${string}` | `dogmaType:${string}` | `domainType:${string}` | `elevationType:${string}` | `equipmentType:${string}` | `eraType:${string}` | `eventType:${string}` | `featureType:${string}` | `goa...': add, clear, delete, has, and 2 more.
tests/_legacy_reference_only/Common/Objects/Yields.test.ts(358,73): error TS2740: Type 'never[]' is missing the following properties from type 'Set<`actionType:${string}` | `buildingType:${string}` | `climateType:${string}` | `conceptType:${string}` | `continentType:${string}` | `dogmaType:${string}` | `domainType:${string}` | `elevationType:${string}` | `equipmentType:${string}` | `eraType:${string}` | `eventType:${string}` | `featureType:${string}` | `goa...': add, clear, delete, has, and 2 more.
tests/_legacy_reference_only/Common/Objects/Yields.test.ts(359,60): error TS2740: Type 'never[]' is missing the following properties from type 'Set<`actionType:${string}` | `buildingType:${string}` | `climateType:${string}` | `conceptType:${string}` | `continentType:${string}` | `dogmaType:${string}` | `domainType:${string}` | `elevationType:${string}` | `equipmentType:${string}` | `eraType:${string}` | `eventType:${string}` | `featureType:${string}` | `goa...': add, clear, delete, has, and 2 more.
tests/_legacy_reference_only/Common/Objects/Yields.test.ts(359,69): error TS2740: Type 'never[]' is missing the following properties from type 'Set<`actionType:${string}` | `buildingType:${string}` | `climateType:${string}` | `conceptType:${string}` | `continentType:${string}` | `dogmaType:${string}` | `domainType:${string}` | `elevationType:${string}` | `equipmentType:${string}` | `eraType:${string}` | `eventType:${string}` | `featureType:${string}` | `goa...': add, clear, delete, has, and 2 more.
tests/_legacy_reference_only/Common/Objects/Yields.test.ts(373,7): error TS2740: Type 'never[]' is missing the following properties from type 'Set<`actionType:${string}` | `buildingType:${string}` | `climateType:${string}` | `conceptType:${string}` | `continentType:${string}` | `dogmaType:${string}` | `domainType:${string}` | `elevationType:${string}` | `equipmentType:${string}` | `eraType:${string}` | `eventType:${string}` | `featureType:${string}` | `goa...': add, clear, delete, has, and 2 more.
tests/_legacy_reference_only/Common/Objects/Yields.test.ts(374,7): error TS2740: Type 'never[]' is missing the following properties from type 'Set<`actionType:${string}` | `buildingType:${string}` | `climateType:${string}` | `conceptType:${string}` | `continentType:${string}` | `dogmaType:${string}` | `domainType:${string}` | `elevationType:${string}` | `equipmentType:${string}` | `eraType:${string}` | `eventType:${string}` | `featureType:${string}` | `goa...': add, clear, delete, has, and 2 more.
tests/_legacy_reference_only/Common/Objects/Yields.test.ts(376,79): error TS2740: Type 'never[]' is missing the following properties from type 'Set<`actionType:${string}` | `buildingType:${string}` | `climateType:${string}` | `conceptType:${string}` | `continentType:${string}` | `dogmaType:${string}` | `domainType:${string}` | `elevationType:${string}` | `equipmentType:${string}` | `eraType:${string}` | `eventType:${string}` | `featureType:${string}` | `goa...': add, clear, delete, has, and 2 more.
tests/_legacy_reference_only/Common/Objects/Yields.test.ts(376,88): error TS2740: Type 'never[]' is missing the following properties from type 'Set<`actionType:${string}` | `buildingType:${string}` | `climateType:${string}` | `conceptType:${string}` | `continentType:${string}` | `dogmaType:${string}` | `domainType:${string}` | `elevationType:${string}` | `equipmentType:${string}` | `eraType:${string}` | `eventType:${string}` | `featureType:${string}` | `goa...': add, clear, delete, has, and 2 more.
tests/_legacy_reference_only/Common/Objects/Yields.test.ts(395,7): error TS2740: Type 'never[]' is missing the following properties from type 'Set<`actionType:${string}` | `buildingType:${string}` | `climateType:${string}` | `conceptType:${string}` | `continentType:${string}` | `dogmaType:${string}` | `domainType:${string}` | `elevationType:${string}` | `equipmentType:${string}` | `eraType:${string}` | `eventType:${string}` | `featureType:${string}` | `goa...': add, clear, delete, has, and 2 more.
tests/_legacy_reference_only/Common/Objects/Yields.test.ts(396,7): error TS2740: Type 'never[]' is missing the following properties from type 'Set<`actionType:${string}` | `buildingType:${string}` | `climateType:${string}` | `conceptType:${string}` | `continentType:${string}` | `dogmaType:${string}` | `domainType:${string}` | `elevationType:${string}` | `equipmentType:${string}` | `eraType:${string}` | `eventType:${string}` | `featureType:${string}` | `goa...': add, clear, delete, has, and 2 more.
tests/_legacy_reference_only/Common/Objects/Yields.test.ts(402,7): error TS2740: Type '"conceptType:building"[]' is missing the following properties from type 'Set<`actionType:${string}` | `buildingType:${string}` | `climateType:${string}` | `conceptType:${string}` | `continentType:${string}` | `dogmaType:${string}` | `domainType:${string}` | `elevationType:${string}` | `equipmentType:${string}` | `eraType:${string}` | `eventType:${string}` | `featureType:${string}` | `goa...': add, clear, delete, has, and 2 more.
tests/_legacy_reference_only/Common/Objects/Yields.test.ts(403,7): error TS2740: Type 'never[]' is missing the following properties from type 'Set<`actionType:${string}` | `buildingType:${string}` | `climateType:${string}` | `conceptType:${string}` | `continentType:${string}` | `dogmaType:${string}` | `domainType:${string}` | `elevationType:${string}` | `equipmentType:${string}` | `eraType:${string}` | `eventType:${string}` | `featureType:${string}` | `goa...': add, clear, delete, has, and 2 more.
tests/_legacy_reference_only/Common/Objects/Yields.test.ts(409,7): error TS2740: Type 'never[]' is missing the following properties from type 'Set<`actionType:${string}` | `buildingType:${string}` | `climateType:${string}` | `conceptType:${string}` | `continentType:${string}` | `dogmaType:${string}` | `domainType:${string}` | `elevationType:${string}` | `equipmentType:${string}` | `eraType:${string}` | `eventType:${string}` | `featureType:${string}` | `goa...': add, clear, delete, has, and 2 more.
tests/_legacy_reference_only/Common/Objects/Yields.test.ts(410,7): error TS2740: Type '"platformType:human"[]' is missing the following properties from type 'Set<`actionType:${string}` | `buildingType:${string}` | `climateType:${string}` | `conceptType:${string}` | `continentType:${string}` | `dogmaType:${string}` | `domainType:${string}` | `elevationType:${string}` | `equipmentType:${string}` | `eraType:${string}` | `eventType:${string}` | `featureType:${string}` | `goa...': add, clear, delete, has, and 2 more.
tests/_legacy_reference_only/Common/Objects/Yields.test.ts(416,24): error TS2345: Argument of type '"yieldType:productionCost"[]' is not assignable to parameter of type 'Set<YieldTypeKey>'.
tests/_legacy_reference_only/Common/Objects/Yields.test.ts(419,24): error TS2345: Argument of type 'never[]' is not assignable to parameter of type 'Set<YieldTypeKey>'.
tests/_legacy_reference_only/Common/Objects/Yields.test.ts(423,24): error TS2345: Argument of type 'never[]' is not assignable to parameter of type 'Set<YieldTypeKey>'.
tests/_legacy_reference_only/Common/Objects/Yields.test.ts(431,7): error TS2740: Type 'never[]' is missing the following properties from type 'Set<`actionType:${string}` | `buildingType:${string}` | `climateType:${string}` | `conceptType:${string}` | `continentType:${string}` | `dogmaType:${string}` | `domainType:${string}` | `elevationType:${string}` | `equipmentType:${string}` | `eraType:${string}` | `eventType:${string}` | `featureType:${string}` | `goa...': add, clear, delete, has, and 2 more.
tests/_legacy_reference_only/Common/Objects/Yields.test.ts(432,7): error TS2740: Type 'never[]' is missing the following properties from type 'Set<`actionType:${string}` | `buildingType:${string}` | `climateType:${string}` | `conceptType:${string}` | `continentType:${string}` | `dogmaType:${string}` | `domainType:${string}` | `elevationType:${string}` | `equipmentType:${string}` | `eraType:${string}` | `eventType:${string}` | `featureType:${string}` | `goa...': add, clear, delete, has, and 2 more.
tests/_legacy_reference_only/Common/Objects/Yields.test.ts(438,7): error TS2740: Type '"conceptType:building"[]' is missing the following properties from type 'Set<`actionType:${string}` | `buildingType:${string}` | `climateType:${string}` | `conceptType:${string}` | `continentType:${string}` | `dogmaType:${string}` | `domainType:${string}` | `elevationType:${string}` | `equipmentType:${string}` | `eraType:${string}` | `eventType:${string}` | `featureType:${string}` | `goa...': add, clear, delete, has, and 2 more.
tests/_legacy_reference_only/Common/Objects/Yields.test.ts(439,7): error TS2740: Type 'never[]' is missing the following properties from type 'Set<`actionType:${string}` | `buildingType:${string}` | `climateType:${string}` | `conceptType:${string}` | `continentType:${string}` | `dogmaType:${string}` | `domainType:${string}` | `elevationType:${string}` | `equipmentType:${string}` | `eraType:${string}` | `eventType:${string}` | `featureType:${string}` | `goa...': add, clear, delete, has, and 2 more.
tests/_legacy_reference_only/Common/Objects/Yields.test.ts(443,23): error TS2345: Argument of type '"yieldType:productionCost"[]' is not assignable to parameter of type 'Set<YieldTypeKey>'.
tests/_legacy_reference_only/Common/Objects/Yields.test.ts(448,61): error TS2740: Type 'never[]' is missing the following properties from type 'Set<`actionType:${string}` | `buildingType:${string}` | `climateType:${string}` | `conceptType:${string}` | `continentType:${string}` | `dogmaType:${string}` | `domainType:${string}` | `elevationType:${string}` | `equipmentType:${string}` | `eraType:${string}` | `eventType:${string}` | `featureType:${string}` | `goa...': add, clear, delete, has, and 2 more.
tests/_legacy_reference_only/Common/Objects/Yields.test.ts(448,70): error TS2740: Type 'never[]' is missing the following properties from type 'Set<`actionType:${string}` | `buildingType:${string}` | `climateType:${string}` | `conceptType:${string}` | `continentType:${string}` | `dogmaType:${string}` | `domainType:${string}` | `elevationType:${string}` | `equipmentType:${string}` | `eraType:${string}` | `eventType:${string}` | `featureType:${string}` | `goa...': add, clear, delete, has, and 2 more.
tests/_legacy_reference_only/Common/Objects/Yields.test.ts(449,60): error TS2740: Type 'never[]' is missing the following properties from type 'Set<`actionType:${string}` | `buildingType:${string}` | `climateType:${string}` | `conceptType:${string}` | `continentType:${string}` | `dogmaType:${string}` | `domainType:${string}` | `elevationType:${string}` | `equipmentType:${string}` | `eraType:${string}` | `eventType:${string}` | `featureType:${string}` | `goa...': add, clear, delete, has, and 2 more.
tests/_legacy_reference_only/Common/Objects/Yields.test.ts(449,69): error TS2740: Type 'never[]' is missing the following properties from type 'Set<`actionType:${string}` | `buildingType:${string}` | `climateType:${string}` | `conceptType:${string}` | `continentType:${string}` | `dogmaType:${string}` | `domainType:${string}` | `elevationType:${string}` | `equipmentType:${string}` | `eraType:${string}` | `eventType:${string}` | `featureType:${string}` | `goa...': add, clear, delete, has, and 2 more.
tests/_legacy_reference_only/Common/Objects/Yields.test.ts(450,64): error TS2740: Type 'never[]' is missing the following properties from type 'Set<`actionType:${string}` | `buildingType:${string}` | `climateType:${string}` | `conceptType:${string}` | `continentType:${string}` | `dogmaType:${string}` | `domainType:${string}` | `elevationType:${string}` | `equipmentType:${string}` | `eraType:${string}` | `eventType:${string}` | `featureType:${string}` | `goa...': add, clear, delete, has, and 2 more.
tests/_legacy_reference_only/Common/Objects/Yields.test.ts(450,73): error TS2740: Type 'never[]' is missing the following properties from type 'Set<`actionType:${string}` | `buildingType:${string}` | `climateType:${string}` | `conceptType:${string}` | `continentType:${string}` | `dogmaType:${string}` | `domainType:${string}` | `elevationType:${string}` | `equipmentType:${string}` | `eraType:${string}` | `eventType:${string}` | `featureType:${string}` | `goa...': add, clear, delete, has, and 2 more.
tests/_legacy_reference_only/Common/Objects/Yields.test.ts(466,61): error TS2740: Type 'never[]' is missing the following properties from type 'Set<`actionType:${string}` | `buildingType:${string}` | `climateType:${string}` | `conceptType:${string}` | `continentType:${string}` | `dogmaType:${string}` | `domainType:${string}` | `elevationType:${string}` | `equipmentType:${string}` | `eraType:${string}` | `eventType:${string}` | `featureType:${string}` | `goa...': add, clear, delete, has, and 2 more.
tests/_legacy_reference_only/Common/Objects/Yields.test.ts(466,70): error TS2740: Type 'never[]' is missing the following properties from type 'Set<`actionType:${string}` | `buildingType:${string}` | `climateType:${string}` | `conceptType:${string}` | `continentType:${string}` | `dogmaType:${string}` | `domainType:${string}` | `elevationType:${string}` | `equipmentType:${string}` | `eraType:${string}` | `eventType:${string}` | `featureType:${string}` | `goa...': add, clear, delete, has, and 2 more.
tests/_legacy_reference_only/Common/Objects/Yields.test.ts(468,61): error TS2740: Type 'never[]' is missing the following properties from type 'Set<`actionType:${string}` | `buildingType:${string}` | `climateType:${string}` | `conceptType:${string}` | `continentType:${string}` | `dogmaType:${string}` | `domainType:${string}` | `elevationType:${string}` | `equipmentType:${string}` | `eraType:${string}` | `eventType:${string}` | `featureType:${string}` | `goa...': add, clear, delete, has, and 2 more.
tests/_legacy_reference_only/Common/Objects/Yields.test.ts(468,70): error TS2740: Type 'never[]' is missing the following properties from type 'Set<`actionType:${string}` | `buildingType:${string}` | `climateType:${string}` | `conceptType:${string}` | `continentType:${string}` | `dogmaType:${string}` | `domainType:${string}` | `elevationType:${string}` | `equipmentType:${string}` | `eraType:${string}` | `eventType:${string}` | `featureType:${string}` | `goa...': add, clear, delete, has, and 2 more.
tests/_legacy_reference_only/Common/Objects/Yields.test.ts(476,9): error TS2740: Type '"conceptType:building"[]' is missing the following properties from type 'Set<`actionType:${string}` | `buildingType:${string}` | `climateType:${string}` | `conceptType:${string}` | `continentType:${string}` | `dogmaType:${string}` | `domainType:${string}` | `elevationType:${string}` | `equipmentType:${string}` | `eraType:${string}` | `eventType:${string}` | `featureType:${string}` | `goa...': add, clear, delete, has, and 2 more.
tests/_legacy_reference_only/Common/Objects/Yields.test.ts(477,9): error TS2740: Type 'never[]' is missing the following properties from type 'Set<`actionType:${string}` | `buildingType:${string}` | `climateType:${string}` | `conceptType:${string}` | `continentType:${string}` | `dogmaType:${string}` | `domainType:${string}` | `elevationType:${string}` | `equipmentType:${string}` | `eraType:${string}` | `eventType:${string}` | `featureType:${string}` | `goa...': add, clear, delete, has, and 2 more.
tests/_legacy_reference_only/Common/Objects/Yields.test.ts(484,9): error TS2740: Type '"buildingCategory:growth"[]' is missing the following properties from type 'Set<`actionType:${string}` | `buildingType:${string}` | `climateType:${string}` | `conceptType:${string}` | `continentType:${string}` | `dogmaType:${string}` | `domainType:${string}` | `elevationType:${string}` | `equipmentType:${string}` | `eraType:${string}` | `eventType:${string}` | `featureType:${string}` | `goa...': add, clear, delete, has, and 2 more.
tests/_legacy_reference_only/Common/Objects/Yields.test.ts(485,9): error TS2740: Type 'never[]' is missing the following properties from type 'Set<`actionType:${string}` | `buildingType:${string}` | `climateType:${string}` | `conceptType:${string}` | `continentType:${string}` | `dogmaType:${string}` | `domainType:${string}` | `elevationType:${string}` | `equipmentType:${string}` | `eraType:${string}` | `eventType:${string}` | `featureType:${string}` | `goa...': add, clear, delete, has, and 2 more.
tests/_legacy_reference_only/Common/Objects/Yields.test.ts(492,9): error TS2740: Type '"buildingType:potter"[]' is missing the following properties from type 'Set<`actionType:${string}` | `buildingType:${string}` | `climateType:${string}` | `conceptType:${string}` | `continentType:${string}` | `dogmaType:${string}` | `domainType:${string}` | `elevationType:${string}` | `equipmentType:${string}` | `eraType:${string}` | `eventType:${string}` | `featureType:${string}` | `goa...': add, clear, delete, has, and 2 more.
tests/_legacy_reference_only/Common/Objects/Yields.test.ts(493,9): error TS2740: Type 'never[]' is missing the following properties from type 'Set<`actionType:${string}` | `buildingType:${string}` | `climateType:${string}` | `conceptType:${string}` | `continentType:${string}` | `dogmaType:${string}` | `domainType:${string}` | `elevationType:${string}` | `equipmentType:${string}` | `eraType:${string}` | `eventType:${string}` | `featureType:${string}` | `goa...': add, clear, delete, has, and 2 more.
tests/_legacy_reference_only/Common/Objects/Yields.test.ts(502,9): error TS2740: Type 'never[]' is missing the following properties from type 'Set<`actionType:${string}` | `buildingType:${string}` | `climateType:${string}` | `conceptType:${string}` | `continentType:${string}` | `dogmaType:${string}` | `domainType:${string}` | `elevationType:${string}` | `equipmentType:${string}` | `eraType:${string}` | `eventType:${string}` | `featureType:${string}` | `goa...': add, clear, delete, has, and 2 more.
tests/_legacy_reference_only/Common/Objects/Yields.test.ts(503,9): error TS2740: Type '"conceptType:platform"[]' is missing the following properties from type 'Set<`actionType:${string}` | `buildingType:${string}` | `climateType:${string}` | `conceptType:${string}` | `continentType:${string}` | `dogmaType:${string}` | `domainType:${string}` | `elevationType:${string}` | `equipmentType:${string}` | `eraType:${string}` | `eventType:${string}` | `featureType:${string}` | `goa...': add, clear, delete, has, and 2 more.
tests/_legacy_reference_only/Common/Objects/Yields.test.ts(510,9): error TS2740: Type 'never[]' is missing the following properties from type 'Set<`actionType:${string}` | `buildingType:${string}` | `climateType:${string}` | `conceptType:${string}` | `continentType:${string}` | `dogmaType:${string}` | `domainType:${string}` | `elevationType:${string}` | `equipmentType:${string}` | `eraType:${string}` | `eventType:${string}` | `featureType:${string}` | `goa...': add, clear, delete, has, and 2 more.
tests/_legacy_reference_only/Common/Objects/Yields.test.ts(511,9): error TS2740: Type '"platformCategory:human"[]' is missing the following properties from type 'Set<`actionType:${string}` | `buildingType:${string}` | `climateType:${string}` | `conceptType:${string}` | `continentType:${string}` | `dogmaType:${string}` | `domainType:${string}` | `elevationType:${string}` | `equipmentType:${string}` | `eraType:${string}` | `eventType:${string}` | `featureType:${string}` | `goa...': add, clear, delete, has, and 2 more.
tests/_legacy_reference_only/Common/Objects/Yields.test.ts(518,9): error TS2740: Type 'never[]' is missing the following properties from type 'Set<`actionType:${string}` | `buildingType:${string}` | `climateType:${string}` | `conceptType:${string}` | `continentType:${string}` | `dogmaType:${string}` | `domainType:${string}` | `elevationType:${string}` | `equipmentType:${string}` | `eraType:${string}` | `eventType:${string}` | `featureType:${string}` | `goa...': add, clear, delete, has, and 2 more.
tests/_legacy_reference_only/Common/Objects/Yields.test.ts(519,9): error TS2740: Type '"platformType:human"[]' is missing the following properties from type 'Set<`actionType:${string}` | `buildingType:${string}` | `climateType:${string}` | `conceptType:${string}` | `continentType:${string}` | `dogmaType:${string}` | `domainType:${string}` | `elevationType:${string}` | `equipmentType:${string}` | `eraType:${string}` | `eventType:${string}` | `featureType:${string}` | `goa...': add, clear, delete, has, and 2 more.
tests/_legacy_reference_only/Common/Objects/Yields.test.ts(523,61): error TS2740: Type 'never[]' is missing the following properties from type 'Set<`actionType:${string}` | `buildingType:${string}` | `climateType:${string}` | `conceptType:${string}` | `continentType:${string}` | `dogmaType:${string}` | `domainType:${string}` | `elevationType:${string}` | `equipmentType:${string}` | `eraType:${string}` | `eventType:${string}` | `featureType:${string}` | `goa...': add, clear, delete, has, and 2 more.
tests/_legacy_reference_only/Common/Objects/Yields.test.ts(523,70): error TS2740: Type 'never[]' is missing the following properties from type 'Set<`actionType:${string}` | `buildingType:${string}` | `climateType:${string}` | `conceptType:${string}` | `continentType:${string}` | `dogmaType:${string}` | `domainType:${string}` | `elevationType:${string}` | `equipmentType:${string}` | `eraType:${string}` | `eventType:${string}` | `featureType:${string}` | `goa...': add, clear, delete, has, and 2 more.
tests/_legacy_reference_only/Common/Objects/Yields.test.ts(524,60): error TS2740: Type 'never[]' is missing the following properties from type 'Set<`actionType:${string}` | `buildingType:${string}` | `climateType:${string}` | `conceptType:${string}` | `continentType:${string}` | `dogmaType:${string}` | `domainType:${string}` | `elevationType:${string}` | `equipmentType:${string}` | `eraType:${string}` | `eventType:${string}` | `featureType:${string}` | `goa...': add, clear, delete, has, and 2 more.
tests/_legacy_reference_only/Common/Objects/Yields.test.ts(524,69): error TS2740: Type 'never[]' is missing the following properties from type 'Set<`actionType:${string}` | `buildingType:${string}` | `climateType:${string}` | `conceptType:${string}` | `continentType:${string}` | `dogmaType:${string}` | `domainType:${string}` | `elevationType:${string}` | `equipmentType:${string}` | `eraType:${string}` | `eventType:${string}` | `featureType:${string}` | `goa...': add, clear, delete, has, and 2 more.
tests/_legacy_reference_only/Common/Objects/Yields.test.ts(526,64): error TS2740: Type 'never[]' is missing the following properties from type 'Set<`actionType:${string}` | `buildingType:${string}` | `climateType:${string}` | `conceptType:${string}` | `continentType:${string}` | `dogmaType:${string}` | `domainType:${string}` | `elevationType:${string}` | `equipmentType:${string}` | `eraType:${string}` | `eventType:${string}` | `featureType:${string}` | `goa...': add, clear, delete, has, and 2 more.
tests/_legacy_reference_only/Common/Objects/Yields.test.ts(526,73): error TS2740: Type 'never[]' is missing the following properties from type 'Set<`actionType:${string}` | `buildingType:${string}` | `climateType:${string}` | `conceptType:${string}` | `continentType:${string}` | `dogmaType:${string}` | `domainType:${string}` | `elevationType:${string}` | `equipmentType:${string}` | `eraType:${string}` | `eventType:${string}` | `featureType:${string}` | `goa...': add, clear, delete, has, and 2 more.
tests/_legacy_reference_only/Common/Objects/Yields.test.ts(527,67): error TS2740: Type 'never[]' is missing the following properties from type 'Set<`actionType:${string}` | `buildingType:${string}` | `climateType:${string}` | `conceptType:${string}` | `continentType:${string}` | `dogmaType:${string}` | `domainType:${string}` | `elevationType:${string}` | `equipmentType:${string}` | `eraType:${string}` | `eventType:${string}` | `featureType:${string}` | `goa...': add, clear, delete, has, and 2 more.
tests/_legacy_reference_only/Common/Objects/Yields.test.ts(527,76): error TS2740: Type 'never[]' is missing the following properties from type 'Set<`actionType:${string}` | `buildingType:${string}` | `climateType:${string}` | `conceptType:${string}` | `continentType:${string}` | `dogmaType:${string}` | `domainType:${string}` | `elevationType:${string}` | `equipmentType:${string}` | `eraType:${string}` | `eventType:${string}` | `featureType:${string}` | `goa...': add, clear, delete, has, and 2 more.
tests/_legacy_reference_only/Common/Objects/Yields.test.ts(544,48): error TS2345: Argument of type '("yieldType:food" | "yieldType:science")[]' is not assignable to parameter of type 'Set<YieldTypeKey>'.
tests/_legacy_reference_only/Common/Objects/Yields.test.ts(551,47): error TS2345: Argument of type 'never[]' is not assignable to parameter of type 'Set<YieldTypeKey>'.
tests/_legacy_reference_only/Common/Objects/Yields.test.ts(567,49): error TS2345: Argument of type 'never[]' is not assignable to parameter of type 'Set<YieldTypeKey>'.
tests/_legacy_reference_only/Common/Objects/Yields.test.ts(582,45): error TS2345: Argument of type 'never[]' is not assignable to parameter of type 'Set<YieldTypeKey>'.
tests/_legacy_reference_only/Common/Objects/Yields.test.ts(598,42): error TS2345: Argument of type 'never[]' is not assignable to parameter of type 'Set<YieldTypeKey>'.
tests/_legacy_reference_only/Common/Objects/Yields.test.ts(613,61): error TS2740: Type 'never[]' is missing the following properties from type 'Set<`actionType:${string}` | `buildingType:${string}` | `climateType:${string}` | `conceptType:${string}` | `continentType:${string}` | `dogmaType:${string}` | `domainType:${string}` | `elevationType:${string}` | `equipmentType:${string}` | `eraType:${string}` | `eventType:${string}` | `featureType:${string}` | `goa...': add, clear, delete, has, and 2 more.
tests/_legacy_reference_only/Common/Objects/Yields.test.ts(613,70): error TS2740: Type 'never[]' is missing the following properties from type 'Set<`actionType:${string}` | `buildingType:${string}` | `climateType:${string}` | `conceptType:${string}` | `continentType:${string}` | `dogmaType:${string}` | `domainType:${string}` | `elevationType:${string}` | `equipmentType:${string}` | `eraType:${string}` | `eventType:${string}` | `featureType:${string}` | `goa...': add, clear, delete, has, and 2 more.
tests/_legacy_reference_only/Common/Objects/Yields.test.ts(614,64): error TS2740: Type 'never[]' is missing the following properties from type 'Set<`actionType:${string}` | `buildingType:${string}` | `climateType:${string}` | `conceptType:${string}` | `continentType:${string}` | `dogmaType:${string}` | `domainType:${string}` | `elevationType:${string}` | `equipmentType:${string}` | `eraType:${string}` | `eventType:${string}` | `featureType:${string}` | `goa...': add, clear, delete, has, and 2 more.
tests/_legacy_reference_only/Common/Objects/Yields.test.ts(614,73): error TS2740: Type 'never[]' is missing the following properties from type 'Set<`actionType:${string}` | `buildingType:${string}` | `climateType:${string}` | `conceptType:${string}` | `continentType:${string}` | `dogmaType:${string}` | `domainType:${string}` | `elevationType:${string}` | `equipmentType:${string}` | `eraType:${string}` | `eventType:${string}` | `featureType:${string}` | `goa...': add, clear, delete, has, and 2 more.
tests/_legacy_reference_only/Common/Objects/Yields.test.ts(615,59): error TS2740: Type 'never[]' is missing the following properties from type 'Set<`actionType:${string}` | `buildingType:${string}` | `climateType:${string}` | `conceptType:${string}` | `continentType:${string}` | `dogmaType:${string}` | `domainType:${string}` | `elevationType:${string}` | `equipmentType:${string}` | `eraType:${string}` | `eventType:${string}` | `featureType:${string}` | `goa...': add, clear, delete, has, and 2 more.
tests/_legacy_reference_only/Common/Objects/Yields.test.ts(615,68): error TS2740: Type 'never[]' is missing the following properties from type 'Set<`actionType:${string}` | `buildingType:${string}` | `climateType:${string}` | `conceptType:${string}` | `continentType:${string}` | `dogmaType:${string}` | `domainType:${string}` | `elevationType:${string}` | `equipmentType:${string}` | `eraType:${string}` | `eventType:${string}` | `featureType:${string}` | `goa...': add, clear, delete, has, and 2 more.
tests/_legacy_reference_only/Common/Objects/Yields.test.ts(624,61): error TS2740: Type 'never[]' is missing the following properties from type 'Set<`actionType:${string}` | `buildingType:${string}` | `climateType:${string}` | `conceptType:${string}` | `continentType:${string}` | `dogmaType:${string}` | `domainType:${string}` | `elevationType:${string}` | `equipmentType:${string}` | `eraType:${string}` | `eventType:${string}` | `featureType:${string}` | `goa...': add, clear, delete, has, and 2 more.
tests/_legacy_reference_only/Common/Objects/Yields.test.ts(624,70): error TS2740: Type 'never[]' is missing the following properties from type 'Set<`actionType:${string}` | `buildingType:${string}` | `climateType:${string}` | `conceptType:${string}` | `continentType:${string}` | `dogmaType:${string}` | `domainType:${string}` | `elevationType:${string}` | `equipmentType:${string}` | `eraType:${string}` | `eventType:${string}` | `featureType:${string}` | `goa...': add, clear, delete, has, and 2 more.
tests/_legacy_reference_only/Common/Objects/Yields.test.ts(625,60): error TS2740: Type 'never[]' is missing the following properties from type 'Set<`actionType:${string}` | `buildingType:${string}` | `climateType:${string}` | `conceptType:${string}` | `continentType:${string}` | `dogmaType:${string}` | `domainType:${string}` | `elevationType:${string}` | `equipmentType:${string}` | `eraType:${string}` | `eventType:${string}` | `featureType:${string}` | `goa...': add, clear, delete, has, and 2 more.
tests/_legacy_reference_only/Common/Objects/Yields.test.ts(625,69): error TS2740: Type 'never[]' is missing the following properties from type 'Set<`actionType:${string}` | `buildingType:${string}` | `climateType:${string}` | `conceptType:${string}` | `continentType:${string}` | `dogmaType:${string}` | `domainType:${string}` | `elevationType:${string}` | `equipmentType:${string}` | `eraType:${string}` | `eventType:${string}` | `featureType:${string}` | `goa...': add, clear, delete, has, and 2 more.
tests/_legacy_reference_only/Common/Objects/Yields.test.ts(626,64): error TS2740: Type 'never[]' is missing the following properties from type 'Set<`actionType:${string}` | `buildingType:${string}` | `climateType:${string}` | `conceptType:${string}` | `continentType:${string}` | `dogmaType:${string}` | `domainType:${string}` | `elevationType:${string}` | `equipmentType:${string}` | `eraType:${string}` | `eventType:${string}` | `featureType:${string}` | `goa...': add, clear, delete, has, and 2 more.
tests/_legacy_reference_only/Common/Objects/Yields.test.ts(626,73): error TS2740: Type 'never[]' is missing the following properties from type 'Set<`actionType:${string}` | `buildingType:${string}` | `climateType:${string}` | `conceptType:${string}` | `continentType:${string}` | `dogmaType:${string}` | `domainType:${string}` | `elevationType:${string}` | `equipmentType:${string}` | `eraType:${string}` | `eventType:${string}` | `featureType:${string}` | `goa...': add, clear, delete, has, and 2 more.
tests/_legacy_reference_only/Common/Objects/Yields.test.ts(627,64): error TS2740: Type 'never[]' is missing the following properties from type 'Set<`actionType:${string}` | `buildingType:${string}` | `climateType:${string}` | `conceptType:${string}` | `continentType:${string}` | `dogmaType:${string}` | `domainType:${string}` | `elevationType:${string}` | `equipmentType:${string}` | `eraType:${string}` | `eventType:${string}` | `featureType:${string}` | `goa...': add, clear, delete, has, and 2 more.
tests/_legacy_reference_only/Common/Objects/Yields.test.ts(627,73): error TS2740: Type 'never[]' is missing the following properties from type 'Set<`actionType:${string}` | `buildingType:${string}` | `climateType:${string}` | `conceptType:${string}` | `continentType:${string}` | `dogmaType:${string}` | `domainType:${string}` | `elevationType:${string}` | `equipmentType:${string}` | `eraType:${string}` | `eventType:${string}` | `featureType:${string}` | `goa...': add, clear, delete, has, and 2 more.
tests/_legacy_reference_only/movement/Pathfinder.test.ts(374,38): error TS2339: Property 'push' does not exist on type 'Set<TypeObject>'.
tests/_legacy_reference_only/movement/Pathfinder.test.ts(388,38): error TS2339: Property 'push' does not exist on type 'Set<TypeObject>'.
tests/_legacy_reference_only/movement/Pathfinder.test.ts(446,38): error TS2339: Property 'push' does not exist on type 'Set<TypeObject>'.
tests/_legacy_reference_only/movement/Pathfinder.test.ts(472,38): error TS2339: Property 'push' does not exist on type 'Set<TypeObject>'.
tests/_legacy_reference_only/movement/Pathfinder.test.ts(499,38): error TS2339: Property 'push' does not exist on type 'Set<TypeObject>'.
tests/_legacy_reference_only/movement/UnitMovement.test.ts(130,40): error TS2339: Property 'push' does not exist on type 'Set<TypeObject>'.
tests/_legacy_reference_only/movement/UnitMovement.test.ts(172,38): error TS2339: Property 'push' does not exist on type 'Set<TypeObject>'.
tests/_legacy_reference_only/movement/UnitMovement.test.ts(193,40): error TS2339: Property 'push' does not exist on type 'Set<TypeObject>'.
tests/_legacy_reference_only/movement/UnitMovement.test.ts(303,40): error TS2339: Property 'push' does not exist on type 'Set<TypeObject>'.
tests/_legacy_reference_only/movement/UnitMovement.test.ts(308,40): error TS2339: Property 'push' does not exist on type 'Set<TypeObject>'.
tests/_legacy_reference_only/movement/UnitMovement.test.ts(313,40): error TS2339: Property 'push' does not exist on type 'Set<TypeObject>'.
tests/_legacy_reference_only/movement/UnitMovement.test.ts(328,40): error TS2339: Property 'push' does not exist on type 'Set<TypeObject>'.
tests/_legacy_reference_only/movement/UnitMovement.test.ts(342,40): error TS2339: Property 'push' does not exist on type 'Set<TypeObject>'.
tests/_legacy_reference_only/movement/UnitMovement.test.ts(347,40): error TS2339: Property 'push' does not exist on type 'Set<TypeObject>'.
tests/_legacy_reference_only/movement/UnitMovement.test.ts(352,40): error TS2339: Property 'push' does not exist on type 'Set<TypeObject>'.
tests/_legacy_reference_only/movement/UnitMovement.test.ts(357,40): error TS2339: Property 'push' does not exist on type 'Set<TypeObject>'.
tests/_legacy_reference_only/movement/UnitMovement.test.ts(370,40): error TS2339: Property 'push' does not exist on type 'Set<TypeObject>'.
tests/_legacy_reference_only/movement/UnitMovement.test.ts(403,25): error TS2339: Property 'value' does not exist on type 'TypeObject'.
tests/_legacy_reference_only/movement/UnitMovement.test.ts(442,40): error TS2339: Property 'push' does not exist on type 'Set<TypeObject>'.
tests/_legacy_reference_only/movement/UnitMovement.test.ts(467,24): error TS2339: Property 'value' does not exist on type 'TypeObject'.
tests/_legacy_reference_only/movement/UnitMovement.test.ts(483,24): error TS2339: Property 'value' does not exist on type 'TypeObject'.
tests/_legacy_reference_only/movement/UnitMovement.test.ts(491,24): error TS2339: Property 'value' does not exist on type 'TypeObject'.
tests/_legacy_reference_only/movement/UnitMovement.test.ts(500,27): error TS2339: Property 'value' does not exist on type 'TypeObject'.
tests/_legacy_reference_only/movement/UnitMovement.test.ts(563,18): error TS2339: Property 'value' does not exist on type 'TypeObject'.
tests/_legacy_reference_only/movement/UnitMovement.test.ts(564,18): error TS2339: Property 'value' does not exist on type 'TypeObject'.
tests/_legacy_reference_only/movement/UnitMovement.test.ts(602,40): error TS2339: Property 'push' does not exist on type 'Set<TypeObject>'.
tests/worldLinks.test.ts(73,27): error TS2339: Property 'length' does not exist on type 'Set<TypeObject>'.
tests/worldLinks.test.ts(75,87): error TS2339: Property 'length' does not exist on type 'Set<TypeObject>'.
tests/worldLinks.test.ts(102,29): error TS2339: Property 'length' does not exist on type 'Set<TypeObject>'.
tests/worldLinks.test.ts(104,89): error TS2339: Property 'length' does not exist on type 'Set<TypeObject>'.